<?xml version="1.0" encoding="UTF-8"?>
<!-- Generated by org.testng.reporters.JUnitReportReporter -->
<testsuite hostname="DESKTOP-7MK4EF7" failures="0" tests="2" name="researchReviewer.RRTestCase" time="69.556" errors="0" timestamp="2023-06-23T12:24:40 IST" skipped="0">
  <testcase classname="researchReviewer.RRTestCase" name="Login" time="12.728"/>
  <system-out/>
  <testcase classname="researchReviewer.RRTestCase" name="ActDepartmentMaster" time="56.828"/>
  <system-out/>
</testsuite> <!-- researchReviewer.RRTestCase -->
