<?xml version="1.0" encoding="UTF-8"?>
<!-- Generated by org.testng.reporters.JUnitReportReporter -->
<testsuite hostname="DESKTOP-7MK4EF7" failures="0" tests="1" name="approval.ApprovalcountInternal" time="214.399" errors="0" timestamp="2023-07-21T15:15:14 IST" skipped="0">
  <testcase classname="approval.ApprovalcountInternal" name="RiskSummaryLowStatutory" time="214.399"/>
  <system-out/>
</testsuite> <!-- approval.ApprovalcountInternal -->
