<?xml version="1.0" encoding="UTF-8"?>
<!-- Generated by org.testng.reporters.JUnitReportReporter -->
<testsuite hostname="DESKTOP-7MK4EF7" failures="0" tests="2" name="auditor.AuditorcountStatutory" time="361.762" errors="0" timestamp="2023-07-25T16:40:56 IST" skipped="0">
  <testcase classname="auditor.AuditorcountStatutory" name="NotApplicable_PieChartPeriod" time="170.617"/>
  <system-out/>
  <testcase classname="auditor.AuditorcountStatutory" name="dueToday_PieChartPeriod" time="191.145"/>
  <system-out/>
</testsuite> <!-- auditor.AuditorcountStatutory -->
