<?xml version="1.0" encoding="UTF-8"?>
<!-- Generated by org.testng.reporters.JUnitReportReporter -->
<testsuite hostname="DESKTOP-7MK4EF7" failures="0" tests="1" name="implementation.ImplementCount" time="10.572" errors="0" timestamp="2023-07-25T11:25:58 IST" skipped="0">
  <testcase classname="implementation.ImplementCount" name="Login" time="10.572"/>
  <system-out/>
</testsuite> <!-- implementation.ImplementCount -->
