<?xml version="1.0" encoding="UTF-8"?>
<!-- Generated by org.testng.reporters.JUnitReportReporter -->
<testsuite hostname="DESKTOP-CMCT864" failures="0" tests="2" name="companyadmin.CompanyCount" time="110.681" errors="0" timestamp="2023-04-13T13:35:10 IST" skipped="0">
  <testcase classname="companyadmin.CompanyCount" name="Login" time="26.174"/>
  <system-out/>
  <testcase classname="companyadmin.CompanyCount" name="BlockScheduleInternal" time="84.507"/>
  <system-out/>
</testsuite> <!-- companyadmin.CompanyCount -->
