<?xml version="1.0" encoding="UTF-8"?>
<!-- Generated by org.testng.reporters.JUnitReportReporter -->
<testsuite hostname="DESKTOP-7MK4EF7" failures="0" tests="33" name="cfo.CFOcountInternal" time="5606.204" errors="0" timestamp="2023-06-26T21:33:30 IST" skipped="0">
  <testcase classname="cfo.CFOcountInternal" name="clickCategoriesInternal" time="96.404"/>
  <system-out/>
  <testcase classname="cfo.CFOcountInternal" name="ClickCompliancesInternal" time="74.505"/>
  <system-out/>
  <testcase classname="cfo.CFOcountInternal" name="clickUsersInternal" time="75.726"/>
  <system-out/>
  <testcase classname="cfo.CFOcountInternal" name="SummaryofOverdueCompliances" time="99.765"/>
  <system-out/>
  <testcase classname="cfo.CFOcountInternal" name="ClosedTimely_PieChart" time="252.769"/>
  <system-out/>
  <testcase classname="cfo.CFOcountInternal" name="ClosedDelayed_PieChart" time="252.396"/>
  <system-out/>
  <testcase classname="cfo.CFOcountInternal" name="NotCompleted_PieChart" time="265.687"/>
  <system-out/>
  <testcase classname="cfo.CFOcountInternal" name="NotApplicable_PieChartIN" time="77.682"/>
  <system-out/>
  <testcase classname="cfo.CFOcountInternal" name="Overdue_PieChartInternal" time="293.287"/>
  <system-out/>
  <testcase classname="cfo.CFOcountInternal" name="dueToday_PieChartInternal" time="224.481"/>
  <system-out/>
  <testcase classname="cfo.CFOcountInternal" name="PFR_PieChartInternal" time="225.463"/>
  <system-out/>
  <testcase classname="cfo.CFOcountInternal" name="inProgress_PieChartInternal" time="89.435"/>
  <system-out/>
  <testcase classname="cfo.CFOcountInternal" name="Rejected_PieChartInternal" time="257.729"/>
  <system-out/>
  <testcase classname="cfo.CFOcountInternal" name="BargraphBSECriticalStatutory" time="126.143"/>
  <system-out/>
  <testcase classname="cfo.CFOcountInternal" name="BargraphBSEHighStatutory" time="238.795"/>
  <system-out/>
  <testcase classname="cfo.CFOcountInternal" name="BargraphBSEMediumStatutory" time="77.188"/>
  <system-out/>
  <testcase classname="cfo.CFOcountInternal" name="BargraphBSELowStatutory" time="80.023"/>
  <system-out/>
  <testcase classname="cfo.CFOcountInternal" name="RiskSummaryCriticalInternal" time="110.811"/>
  <system-out/>
  <testcase classname="cfo.CFOcountInternal" name="RiskSummaryHighInternal" time="103.766"/>
  <system-out/>
  <testcase classname="cfo.CFOcountInternal" name="RiskSummaryMediumStatutory" time="108.968"/>
  <system-out/>
  <testcase classname="cfo.CFOcountInternal" name="RiskSummaryLowStatutory" time="119.748"/>
  <system-out/>
  <testcase classname="cfo.CFOcountInternal" name="DepartmentSummaryInternal" time="114.364"/>
  <system-out/>
  <testcase classname="cfo.CFOcountInternal" name="ClosedTimely_PieChartPeriod" time="297.012"/>
  <system-out/>
  <testcase classname="cfo.CFOcountInternal" name="ClosedDelayed_PieChartPeriod" time="295.984"/>
  <system-out/>
  <testcase classname="cfo.CFOcountInternal" name="NotCompleted_PieChartPeriod" time="290.322"/>
  <system-out/>
  <testcase classname="cfo.CFOcountInternal" name="NotApplicable_PieChartPeriod" time="87.333"/>
  <system-out/>
  <testcase classname="cfo.CFOcountInternal" name="Overdue_PieChartInternalPeriod" time="305.277"/>
  <system-out/>
  <testcase classname="cfo.CFOcountInternal" name="dueToday_PieChartPeriod" time="100.417"/>
  <system-out/>
  <testcase classname="cfo.CFOcountInternal" name="PFR_PieChartInternalPeriod" time="264.630"/>
  <system-out/>
  <testcase classname="cfo.CFOcountInternal" name="Rejected_PieChartInternalPeriod" time="296.358"/>
  <system-out/>
  <testcase classname="cfo.CFOcountInternal" name="GradingReportInternal" time="99.812"/>
  <system-out/>
  <testcase classname="cfo.CFOcountInternal" name="complianceCalendar" time="95.962"/>
  <system-out/>
  <testcase classname="cfo.CFOcountInternal" name="DailyUpdates" time="107.962"/>
  <system-out/>
</testsuite> <!-- cfo.CFOcountInternal -->
