<?xml version="1.0" encoding="UTF-8"?>
<!-- Generated by org.testng.reporters.JUnitReportReporter -->
<testsuite hostname="DESKTOP-CMCT864" failures="0" tests="8" name="auditor.AuditorcountStatutory" time="1721.810" errors="0" timestamp="2023-04-13T20:01:14 IST" skipped="0">
  <testcase classname="auditor.AuditorcountStatutory" name="Login" time="24.855"/>
  <system-out/>
  <testcase classname="auditor.AuditorcountStatutory" name="NotCompleted_PieChartPe" time="258.530"/>
  <system-out/>
  <testcase classname="auditor.AuditorcountStatutory" name="ClosedDelayed_PieChartPe" time="230.090"/>
  <system-out/>
  <testcase classname="auditor.AuditorcountStatutory" name="ClosedTimely_PieChartPe" time="267.479"/>
  <system-out/>
  <testcase classname="auditor.AuditorcountStatutory" name="Overdue_PieChartperiod" time="240.493"/>
  <system-out/>
  <testcase classname="auditor.AuditorcountStatutory" name="pendingForReview_PieChartPeriod" time="303.966"/>
  <system-out/>
  <testcase classname="auditor.AuditorcountStatutory" name="inProgress_PieChartPeriod" time="219.894"/>
  <system-out/>
  <testcase classname="auditor.AuditorcountStatutory" name="rejected_PieChartPeriod" time="176.503"/>
  <system-out/>
</testsuite> <!-- auditor.AuditorcountStatutory -->
