<?xml version="1.0" encoding="UTF-8"?>
<!-- Generated by org.testng.reporters.JUnitReportReporter -->
<testsuite hostname="DESKTOP-CMCT864" failures="0" tests="2" name="companyadmin.CompanyCount" time="158.894" errors="0" timestamp="2023-04-12T04:36:04 PDT" skipped="0">
  <testcase classname="companyadmin.CompanyCount" name="Login" time="21.645"/>
  <system-out/>
  <testcase classname="companyadmin.CompanyCount" name="User" time="137.249"/>
  <system-out/>
</testsuite> <!-- companyadmin.CompanyCount -->
