<?xml version="1.0" encoding="UTF-8"?>
<!-- Generated by org.testng.reporters.JUnitReportReporter -->
<testsuite hostname="DESKTOP-7MK4EF7" failures="0" tests="2" name="companyadmin.CompanyCount" time="64.785" errors="0" timestamp="2023-06-23T15:08:40 IST" skipped="0">
  <testcase classname="companyadmin.CompanyCount" name="Login" time="25.094"/>
  <system-out/>
  <testcase classname="companyadmin.CompanyCount" name="UserDepartmentdis" time="39.691"/>
  <system-out/>
</testsuite> <!-- companyadmin.CompanyCount -->
